<?xml version="1.0" encoding="UTF-8"?>
<!-- Generated by org.testng.reporters.JUnitReportReporter -->
<testsuite hostname="BLR1-LHP-N61225" failures="0" tests="1" name="tests.TestCase1" time="8.413" errors="0" timestamp="2021-04-15T17:39:12 IST" skipped="0">
  <testcase classname="tests.TestCase1" name="testCase1" time="8.413"/>
  <system-out/>
</testsuite> <!-- tests.TestCase1 -->
